<?xml version="1.0" encoding="UTF-8"?>
<!-- Generated by org.testng.reporters.JUnitReportReporter -->
<testsuite hostname="HP-ARIFINTAHU" failures="0" tests="7" name="sircloproject.qa2022.WebTestAfterPOM" time="24.764" errors="0" timestamp="23 Jun 2022 20:06:46 GMT" skipped="0">
  <testcase classname="sircloproject.qa2022.WebTestAfterPOM" name="testLogin" time="3.483"/>
  <testcase classname="sircloproject.qa2022.WebTestAfterPOM" name="testLoginInvalidUsernameAndValidPassword" time="3.764"/>
  <testcase classname="sircloproject.qa2022.WebTestAfterPOM" name="testLogOut" time="4.068"/>
  <testcase classname="sircloproject.qa2022.WebTestAfterPOM" name="testFilter" time="3.875"/>
  <testcase classname="sircloproject.qa2022.WebTestAfterPOM" name="testData" time="4.156"/>
  <testcase classname="sircloproject.qa2022.WebTestAfterPOM" name="testLoginValidUsernameAndInvalidPassword" time="3.041"/>
  <testcase classname="sircloproject.qa2022.WebTestAfterPOM" name="testLoginInvalidUsernameAndInvalidPassword" time="2.377"/>
</testsuite> <!-- sircloproject.qa2022.WebTestAfterPOM -->
