<?xml version="1.0" encoding="UTF-8"?>
<!-- Generated by org.testng.reporters.JUnitReportReporter -->
<testsuite hostname="HP-ARIFINTAHU" failures="0" tests="7" name="sircloproject.qa2022.WebTestAfterPOM" time="16.227" errors="0" timestamp="23 Jun 2022 21:23:44 GMT" skipped="0">
  <testcase classname="sircloproject.qa2022.WebTestAfterPOM" name="testLogOut" time="2.526"/>
  <testcase classname="sircloproject.qa2022.WebTestAfterPOM" name="testLoginInvalidUsernameAndInvalidPassword" time="2.121"/>
  <testcase classname="sircloproject.qa2022.WebTestAfterPOM" name="testLoginValidUsernameAndInvalidPassword" time="1.814"/>
  <testcase classname="sircloproject.qa2022.WebTestAfterPOM" name="testFilter" time="2.470"/>
  <testcase classname="sircloproject.qa2022.WebTestAfterPOM" name="testData" time="3.110"/>
  <testcase classname="sircloproject.qa2022.WebTestAfterPOM" name="testLogin" time="2.181"/>
  <testcase classname="sircloproject.qa2022.WebTestAfterPOM" name="testLoginInvalidUsernameAndValidPassword" time="2.005"/>
</testsuite> <!-- sircloproject.qa2022.WebTestAfterPOM -->
