<?xml version="1.0" encoding="UTF-8"?>
<!-- Generated by org.testng.reporters.JUnitReportReporter -->
<testsuite hostname="HP-ARIFINTAHU" failures="0" tests="7" name="sircloproject.qa2022.WebTestAfterPOM" time="28.041" errors="0" timestamp="30 Jun 2022 06:26:08 GMT" skipped="0">
  <testcase classname="sircloproject.qa2022.WebTestAfterPOM" name="testLogOut" time="3.613"/>
  <testcase classname="sircloproject.qa2022.WebTestAfterPOM" name="testLogin" time="7.914"/>
  <testcase classname="sircloproject.qa2022.WebTestAfterPOM" name="testData" time="4.116"/>
  <testcase classname="sircloproject.qa2022.WebTestAfterPOM" name="testFilter" time="3.897"/>
  <testcase classname="sircloproject.qa2022.WebTestAfterPOM" name="testLoginInvalidUsernameAndValidPassword" time="2.862"/>
  <testcase classname="sircloproject.qa2022.WebTestAfterPOM" name="testLoginInvalidUsernameAndInvalidPassword" time="2.881"/>
  <testcase classname="sircloproject.qa2022.WebTestAfterPOM" name="testLoginValidUsernameAndInvalidPassword" time="2.758"/>
</testsuite> <!-- sircloproject.qa2022.WebTestAfterPOM -->
