<?xml version="1.0" encoding="UTF-8"?>
<!-- Generated by org.testng.reporters.JUnitReportReporter -->
<testsuite hostname="HP-ARIFINTAHU" failures="0" tests="1" name="sircloproject.qa2022.AppTest" time="0.139" errors="0" timestamp="30 Jun 2022 06:18:26 GMT" skipped="0">
  <testcase classname="sircloproject.qa2022.AppTest" name="shouldAnswerWithTrue" time="0.139"/>
</testsuite> <!-- sircloproject.qa2022.AppTest -->
